Copyright 1986-2018 Xilinx, Inc. All Rights Reserved.
--------------------------------------------------------------------------------------------------------------------------------------------------------
| Tool Version : Vivado v.2018.2 (win64) Build 2258646 Thu Jun 14 20:03:12 MDT 2018
| Date         : Thu Sep 27 20:35:10 2018
| Host         : NielsJongen running 64-bit major release  (build 9200)
| Command      : report_methodology -file AES128_methodology_drc_routed.rpt -pb AES128_methodology_drc_routed.pb -rpx AES128_methodology_drc_routed.rpx
| Design       : AES128
| Device       : xc7k70tfbv676-1
| Speed File   : -1
| Design State : Routed
--------------------------------------------------------------------------------------------------------------------------------------------------------

Report Methodology

Table of Contents
-----------------
1. REPORT SUMMARY
2. REPORT DETAILS

1. REPORT SUMMARY
-----------------
            Netlist: netlist
          Floorplan: design_1
      Design limits: <entire design considered>
             Max violations: <unlimited>
             Violations found: 8
+-----------+----------+-----------------------------+------------+
| Rule      | Severity | Description                 | Violations |
+-----------+----------+-----------------------------+------------+
| TIMING-17 | Warning  | Non-clocked sequential cell | 2          |
| TIMING-20 | Warning  | Non-clocked latch           | 6          |
+-----------+----------+-----------------------------+------------+

2. REPORT DETAILS
-----------------
TIMING-17#1 Warning
Non-clocked sequential cell  
The clock pin CP/FSM_sequential_curState_reg[0]/C is not reached by a timing clock
Related violations: <none>

TIMING-17#2 Warning
Non-clocked sequential cell  
The clock pin CP/FSM_sequential_curState_reg[1]/C is not reached by a timing clock
Related violations: <none>

TIMING-20#1 Warning
Non-clocked latch  
The latch CP/FSM_sequential_nxtState_reg[0] cannot be properly analyzed as its control pin CP/FSM_sequential_nxtState_reg[0]/G is not reached by a timing clock
Related violations: <none>

TIMING-20#2 Warning
Non-clocked latch  
The latch CP/FSM_sequential_nxtState_reg[1] cannot be properly analyzed as its control pin CP/FSM_sequential_nxtState_reg[1]/G is not reached by a timing clock
Related violations: <none>

TIMING-20#3 Warning
Non-clocked latch  
The latch CP/roundcounter_reg[0] cannot be properly analyzed as its control pin CP/roundcounter_reg[0]/G is not reached by a timing clock
Related violations: <none>

TIMING-20#4 Warning
Non-clocked latch  
The latch CP/roundcounter_reg[1] cannot be properly analyzed as its control pin CP/roundcounter_reg[1]/G is not reached by a timing clock
Related violations: <none>

TIMING-20#5 Warning
Non-clocked latch  
The latch CP/roundcounter_reg[2] cannot be properly analyzed as its control pin CP/roundcounter_reg[2]/G is not reached by a timing clock
Related violations: <none>

TIMING-20#6 Warning
Non-clocked latch  
The latch CP/roundcounter_reg[3] cannot be properly analyzed as its control pin CP/roundcounter_reg[3]/G is not reached by a timing clock
Related violations: <none>


