
*** Running vivado
    with args -log AES128.vdi -applog -m64 -product Vivado -messageDb vivado.pb -mode batch -source AES128.tcl -notrace


****** Vivado v2018.2 (64-bit)
  **** SW Build 2258646 on Thu Jun 14 20:03:12 MDT 2018
  **** IP Build 2256618 on Thu Jun 14 22:10:49 MDT 2018
    ** Copyright 1986-2018 Xilinx, Inc. All Rights Reserved.

source AES128.tcl -notrace
Command: link_design -top AES128 -part xc7k70tfbv676-1
Design is defaulting to srcset: sources_1
Design is defaulting to constrset: constrs_1
INFO: [Netlist 29-17] Analyzing 4 Unisim elements for replacement
INFO: [Netlist 29-28] Unisim Transformation completed in 1 CPU seconds
INFO: [Project 1-479] Netlist was created with Vivado 2018.2
INFO: [Device 21-403] Loading part xc7k70tfbv676-1
INFO: [Project 1-570] Preparing netlist for logic optimization
Parsing XDC File [C:/Users/11401165/OneDrive/Documenten/School/2018-2019/chipontwerp/encryptor_v1/encryptor_v1.srcs/constrs_1/new/Controller.xdc]
Finished Parsing XDC File [C:/Users/11401165/OneDrive/Documenten/School/2018-2019/chipontwerp/encryptor_v1/encryptor_v1.srcs/constrs_1/new/Controller.xdc]
INFO: [Opt 31-138] Pushed 0 inverter(s) to 0 load pin(s).
INFO: [Project 1-111] Unisim Transformation Summary:
No Unisim elements were transformed.

7 Infos, 0 Warnings, 0 Critical Warnings and 0 Errors encountered.
link_design completed successfully
link_design: Time (s): cpu = 00:00:18 ; elapsed = 00:00:27 . Memory (MB): peak = 558.609 ; gain = 308.180
Command: opt_design
Attempting to get a license for feature 'Implementation' and/or device 'xc7k70t'
INFO: [Common 17-349] Got license for feature 'Implementation' and/or device 'xc7k70t'
Running DRC as a precondition to command opt_design

Starting DRC Task
INFO: [DRC 23-27] Running DRC with 2 threads
INFO: [Project 1-461] DRC finished with 0 Errors
INFO: [Project 1-462] Please refer to the DRC report (report_drc) for more information.

Time (s): cpu = 00:00:04 ; elapsed = 00:00:03 . Memory (MB): peak = 571.445 ; gain = 12.836

Starting Cache Timing Information Task
INFO: [Timing 38-35] Done setting XDC timing constraints.
Ending Cache Timing Information Task | Checksum: a19661b3

Time (s): cpu = 00:00:32 ; elapsed = 00:00:39 . Memory (MB): peak = 1131.809 ; gain = 560.363

Starting Logic Optimization Task

Phase 1 Retarget
INFO: [Opt 31-138] Pushed 0 inverter(s) to 0 load pin(s).
INFO: [Opt 31-49] Retargeted 0 cell(s).
Phase 1 Retarget | Checksum: a19661b3

Time (s): cpu = 00:00:00 ; elapsed = 00:00:00.223 . Memory (MB): peak = 1131.809 ; gain = 0.000
INFO: [Opt 31-389] Phase Retarget created 0 cells and removed 0 cells

Phase 2 Constant propagation
INFO: [Opt 31-138] Pushed 0 inverter(s) to 0 load pin(s).
Phase 2 Constant propagation | Checksum: a19661b3

Time (s): cpu = 00:00:00 ; elapsed = 00:00:00.237 . Memory (MB): peak = 1131.809 ; gain = 0.000
INFO: [Opt 31-389] Phase Constant propagation created 0 cells and removed 0 cells

Phase 3 Sweep
Phase 3 Sweep | Checksum: a19661b3

Time (s): cpu = 00:00:00 ; elapsed = 00:00:00.271 . Memory (MB): peak = 1131.809 ; gain = 0.000
INFO: [Opt 31-389] Phase Sweep created 0 cells and removed 0 cells

Phase 4 BUFG optimization
Phase 4 BUFG optimization | Checksum: a19661b3

Time (s): cpu = 00:00:00 ; elapsed = 00:00:00.309 . Memory (MB): peak = 1131.809 ; gain = 0.000
INFO: [Opt 31-662] Phase BUFG optimization created 0 cells of which 0 are BUFGs and removed 0 cells.

Phase 5 Shift Register Optimization
Phase 5 Shift Register Optimization | Checksum: a19661b3

Time (s): cpu = 00:00:00 ; elapsed = 00:00:00.347 . Memory (MB): peak = 1131.809 ; gain = 0.000
INFO: [Opt 31-389] Phase Shift Register Optimization created 0 cells and removed 0 cells

Phase 6 Post Processing Netlist
Phase 6 Post Processing Netlist | Checksum: a19661b3

Time (s): cpu = 00:00:00 ; elapsed = 00:00:00.352 . Memory (MB): peak = 1131.809 ; gain = 0.000
INFO: [Opt 31-389] Phase Post Processing Netlist created 0 cells and removed 0 cells

Starting Connectivity Check Task

Time (s): cpu = 00:00:00 ; elapsed = 00:00:00.003 . Memory (MB): peak = 1131.809 ; gain = 0.000
Ending Logic Optimization Task | Checksum: a19661b3

Time (s): cpu = 00:00:00 ; elapsed = 00:00:00.369 . Memory (MB): peak = 1131.809 ; gain = 0.000

Starting Power Optimization Task
INFO: [Pwropt 34-132] Skipping clock gating for clocks with a period < 2.00 ns.
Ending Power Optimization Task | Checksum: a19661b3

Time (s): cpu = 00:00:00 ; elapsed = 00:00:00.106 . Memory (MB): peak = 1131.809 ; gain = 0.000

Starting Final Cleanup Task
Ending Final Cleanup Task | Checksum: a19661b3

Time (s): cpu = 00:00:00 ; elapsed = 00:00:00 . Memory (MB): peak = 1131.809 ; gain = 0.000
INFO: [Common 17-83] Releasing license: Implementation
23 Infos, 0 Warnings, 0 Critical Warnings and 0 Errors encountered.
opt_design completed successfully
opt_design: Time (s): cpu = 00:00:36 ; elapsed = 00:00:43 . Memory (MB): peak = 1131.809 ; gain = 573.199
WARNING: [Constraints 18-5210] No constraint will be written out.
INFO: [Common 17-1381] The checkpoint 'C:/Users/11401165/OneDrive/Documenten/School/2018-2019/chipontwerp/encryptor_v1/encryptor_v1.runs/impl_1/AES128_opt.dcp' has been generated.
INFO: [runtcl-4] Executing : report_drc -file AES128_drc_opted.rpt -pb AES128_drc_opted.pb -rpx AES128_drc_opted.rpx
Command: report_drc -file AES128_drc_opted.rpt -pb AES128_drc_opted.pb -rpx AES128_drc_opted.rpx
INFO: [IP_Flow 19-234] Refreshing IP repositories
INFO: [IP_Flow 19-1704] No user IP repositories specified
INFO: [IP_Flow 19-2313] Loaded Vivado IP repository 'F:/Xilinx/Vivado/2018.2/data/ip'.
INFO: [DRC 23-27] Running DRC with 2 threads
INFO: [Coretcl 2-168] The results of DRC are in file C:/Users/11401165/OneDrive/Documenten/School/2018-2019/chipontwerp/encryptor_v1/encryptor_v1.runs/impl_1/AES128_drc_opted.rpt.
report_drc completed successfully
report_drc: Time (s): cpu = 00:00:11 ; elapsed = 00:00:11 . Memory (MB): peak = 1131.809 ; gain = 0.000
Command: place_design
Attempting to get a license for feature 'Implementation' and/or device 'xc7k70t'
INFO: [Common 17-349] Got license for feature 'Implementation' and/or device 'xc7k70t'
INFO: [DRC 23-27] Running DRC with 2 threads
INFO: [Vivado_Tcl 4-198] DRC finished with 0 Errors
INFO: [Vivado_Tcl 4-199] Please refer to the DRC report (report_drc) for more information.
Running DRC as a precondition to command place_design
INFO: [DRC 23-27] Running DRC with 2 threads
INFO: [Vivado_Tcl 4-198] DRC finished with 0 Errors
INFO: [Vivado_Tcl 4-199] Please refer to the DRC report (report_drc) for more information.

Starting Placer Task
INFO: [Place 30-611] Multithreading enabled for place_design using a maximum of 2 CPUs

Phase 1 Placer Initialization

Phase 1.1 Placer Initialization Netlist Sorting
Netlist sorting complete. Time (s): cpu = 00:00:00 ; elapsed = 00:00:00 . Memory (MB): peak = 1131.809 ; gain = 0.000
Phase 1.1 Placer Initialization Netlist Sorting | Checksum: 568cb8aa

Time (s): cpu = 00:00:00 ; elapsed = 00:00:00.237 . Memory (MB): peak = 1131.809 ; gain = 0.000
Netlist sorting complete. Time (s): cpu = 00:00:00 ; elapsed = 00:00:00.001 . Memory (MB): peak = 1131.809 ; gain = 0.000

Phase 1.2 IO Placement/ Clock Placement/ Build Placer Device
INFO: [Timing 38-35] Done setting XDC timing constraints.
Phase 1.2 IO Placement/ Clock Placement/ Build Placer Device | Checksum: d29123a3

Time (s): cpu = 00:00:08 ; elapsed = 00:00:07 . Memory (MB): peak = 1134.004 ; gain = 2.195

Phase 1.3 Build Placer Netlist Model
Phase 1.3 Build Placer Netlist Model | Checksum: 17895a1e8

Time (s): cpu = 00:00:08 ; elapsed = 00:00:07 . Memory (MB): peak = 1134.004 ; gain = 2.195

Phase 1.4 Constrain Clocks/Macros
Phase 1.4 Constrain Clocks/Macros | Checksum: 17895a1e8

Time (s): cpu = 00:00:08 ; elapsed = 00:00:07 . Memory (MB): peak = 1134.004 ; gain = 2.195
Phase 1 Placer Initialization | Checksum: 17895a1e8

Time (s): cpu = 00:00:08 ; elapsed = 00:00:07 . Memory (MB): peak = 1134.004 ; gain = 2.195

Phase 2 Global Placement

Phase 2.1 Floorplanning
Phase 2.1 Floorplanning | Checksum: 17895a1e8

Time (s): cpu = 00:00:08 ; elapsed = 00:00:07 . Memory (MB): peak = 1134.004 ; gain = 2.195
WARNING: [Place 46-29] place_design is not in timing mode. Skip physical synthesis in placer
Phase 2 Global Placement | Checksum: 17891fb73

Time (s): cpu = 00:00:10 ; elapsed = 00:00:09 . Memory (MB): peak = 1134.004 ; gain = 2.195

Phase 3 Detail Placement

Phase 3.1 Commit Multi Column Macros
Phase 3.1 Commit Multi Column Macros | Checksum: 17891fb73

Time (s): cpu = 00:00:10 ; elapsed = 00:00:09 . Memory (MB): peak = 1134.004 ; gain = 2.195

Phase 3.2 Commit Most Macros & LUTRAMs
Phase 3.2 Commit Most Macros & LUTRAMs | Checksum: d6726752

Time (s): cpu = 00:00:10 ; elapsed = 00:00:09 . Memory (MB): peak = 1134.004 ; gain = 2.195

Phase 3.3 Area Swap Optimization
Phase 3.3 Area Swap Optimization | Checksum: fba99286

Time (s): cpu = 00:00:10 ; elapsed = 00:00:09 . Memory (MB): peak = 1134.004 ; gain = 2.195

Phase 3.4 Pipeline Register Optimization
Phase 3.4 Pipeline Register Optimization | Checksum: fba99286

Time (s): cpu = 00:00:10 ; elapsed = 00:00:09 . Memory (MB): peak = 1134.004 ; gain = 2.195

Phase 3.5 Small Shape Detail Placement
Phase 3.5 Small Shape Detail Placement | Checksum: 122e0f018

Time (s): cpu = 00:00:11 ; elapsed = 00:00:10 . Memory (MB): peak = 1134.004 ; gain = 2.195

Phase 3.6 Re-assign LUT pins
Phase 3.6 Re-assign LUT pins | Checksum: 122e0f018

Time (s): cpu = 00:00:11 ; elapsed = 00:00:10 . Memory (MB): peak = 1134.004 ; gain = 2.195

Phase 3.7 Pipeline Register Optimization
Phase 3.7 Pipeline Register Optimization | Checksum: 122e0f018

Time (s): cpu = 00:00:11 ; elapsed = 00:00:10 . Memory (MB): peak = 1134.004 ; gain = 2.195
Phase 3 Detail Placement | Checksum: 122e0f018

Time (s): cpu = 00:00:11 ; elapsed = 00:00:10 . Memory (MB): peak = 1134.004 ; gain = 2.195

Phase 4 Post Placement Optimization and Clean-Up

Phase 4.1 Post Commit Optimization
Phase 4.1 Post Commit Optimization | Checksum: 122e0f018

Time (s): cpu = 00:00:11 ; elapsed = 00:00:10 . Memory (MB): peak = 1134.004 ; gain = 2.195

Phase 4.2 Post Placement Cleanup
Phase 4.2 Post Placement Cleanup | Checksum: 122e0f018

Time (s): cpu = 00:00:11 ; elapsed = 00:00:10 . Memory (MB): peak = 1134.004 ; gain = 2.195

Phase 4.3 Placer Reporting
Phase 4.3 Placer Reporting | Checksum: 122e0f018

Time (s): cpu = 00:00:11 ; elapsed = 00:00:10 . Memory (MB): peak = 1134.004 ; gain = 2.195

Phase 4.4 Final Placement Cleanup
Phase 4.4 Final Placement Cleanup | Checksum: 122e0f018

Time (s): cpu = 00:00:11 ; elapsed = 00:00:10 . Memory (MB): peak = 1134.004 ; gain = 2.195
Phase 4 Post Placement Optimization and Clean-Up | Checksum: 122e0f018

Time (s): cpu = 00:00:11 ; elapsed = 00:00:10 . Memory (MB): peak = 1134.004 ; gain = 2.195
Ending Placer Task | Checksum: ce909b75

Time (s): cpu = 00:00:11 ; elapsed = 00:00:10 . Memory (MB): peak = 1134.004 ; gain = 2.195
INFO: [Common 17-83] Releasing license: Implementation
40 Infos, 2 Warnings, 0 Critical Warnings and 0 Errors encountered.
place_design completed successfully
place_design: Time (s): cpu = 00:00:17 ; elapsed = 00:00:13 . Memory (MB): peak = 1134.004 ; gain = 2.195
WARNING: [Constraints 18-5210] No constraint will be written out.
Writing placer database...
Writing XDEF routing.
Writing XDEF routing logical nets.
Writing XDEF routing special nets.
Write XDEF Complete: Time (s): cpu = 00:00:00 ; elapsed = 00:00:00.151 . Memory (MB): peak = 1134.004 ; gain = 0.000
INFO: [Common 17-1381] The checkpoint 'C:/Users/11401165/OneDrive/Documenten/School/2018-2019/chipontwerp/encryptor_v1/encryptor_v1.runs/impl_1/AES128_placed.dcp' has been generated.
INFO: [runtcl-4] Executing : report_io -file AES128_io_placed.rpt
report_io: Time (s): cpu = 00:00:00 ; elapsed = 00:00:00.467 . Memory (MB): peak = 1140.086 ; gain = 6.082
INFO: [runtcl-4] Executing : report_utilization -file AES128_utilization_placed.rpt -pb AES128_utilization_placed.pb
report_utilization: Time (s): cpu = 00:00:01 ; elapsed = 00:00:00.111 . Memory (MB): peak = 1140.086 ; gain = 0.000
INFO: [runtcl-4] Executing : report_control_sets -verbose -file AES128_control_sets_placed.rpt
report_control_sets: Time (s): cpu = 00:00:00 ; elapsed = 00:00:00.005 . Memory (MB): peak = 1140.086 ; gain = 0.000
Command: route_design
Attempting to get a license for feature 'Implementation' and/or device 'xc7k70t'
INFO: [Common 17-349] Got license for feature 'Implementation' and/or device 'xc7k70t'
Running DRC as a precondition to command route_design
INFO: [DRC 23-27] Running DRC with 2 threads
INFO: [Vivado_Tcl 4-198] DRC finished with 0 Errors
INFO: [Vivado_Tcl 4-199] Please refer to the DRC report (report_drc) for more information.


Starting Routing Task
INFO: [Route 35-254] Multithreading enabled for route_design using a maximum of 2 CPUs
Checksum: PlaceDB: 7803e2cb ConstDB: 0 ShapeSum: 568cb8aa RouteDB: 0

Phase 1 Build RT Design
Phase 1 Build RT Design | Checksum: a8687c71

Time (s): cpu = 00:00:40 ; elapsed = 00:00:36 . Memory (MB): peak = 1283.516 ; gain = 142.730
Post Restoration Checksum: NetGraph: 5837b952 NumContArr: 5030c31f Constraints: 0 Timing: 0

Phase 2 Router Initialization
INFO: [Route 35-64] No timing constraints were detected. The router will operate in resource-optimization mode.

Phase 2.1 Fix Topology Constraints
Phase 2.1 Fix Topology Constraints | Checksum: a8687c71

Time (s): cpu = 00:00:40 ; elapsed = 00:00:36 . Memory (MB): peak = 1288.539 ; gain = 147.754

Phase 2.2 Pre Route Cleanup
Phase 2.2 Pre Route Cleanup | Checksum: a8687c71

Time (s): cpu = 00:00:40 ; elapsed = 00:00:36 . Memory (MB): peak = 1288.539 ; gain = 147.754
 Number of Nodes with overlaps = 0
Phase 2 Router Initialization | Checksum: 15dfd8e60

Time (s): cpu = 00:00:40 ; elapsed = 00:00:37 . Memory (MB): peak = 1301.063 ; gain = 160.277

Phase 3 Initial Routing
Phase 3 Initial Routing | Checksum: f81c7803

Time (s): cpu = 00:00:41 ; elapsed = 00:00:37 . Memory (MB): peak = 1301.063 ; gain = 160.277

Phase 4 Rip-up And Reroute

Phase 4.1 Global Iteration 0
 Number of Nodes with overlaps = 0
Phase 4.1 Global Iteration 0 | Checksum: 593ddd82

Time (s): cpu = 00:00:41 ; elapsed = 00:00:37 . Memory (MB): peak = 1301.063 ; gain = 160.277
Phase 4 Rip-up And Reroute | Checksum: 593ddd82

Time (s): cpu = 00:00:41 ; elapsed = 00:00:37 . Memory (MB): peak = 1301.063 ; gain = 160.277

Phase 5 Delay and Skew Optimization
Phase 5 Delay and Skew Optimization | Checksum: 593ddd82

Time (s): cpu = 00:00:41 ; elapsed = 00:00:37 . Memory (MB): peak = 1301.063 ; gain = 160.277

Phase 6 Post Hold Fix

Phase 6.1 Hold Fix Iter
Phase 6.1 Hold Fix Iter | Checksum: 593ddd82

Time (s): cpu = 00:00:41 ; elapsed = 00:00:37 . Memory (MB): peak = 1301.063 ; gain = 160.277
Phase 6 Post Hold Fix | Checksum: 593ddd82

Time (s): cpu = 00:00:41 ; elapsed = 00:00:37 . Memory (MB): peak = 1301.063 ; gain = 160.277

Phase 7 Route finalize

Router Utilization Summary
  Global Vertical Routing Utilization    = 0.00286379 %
  Global Horizontal Routing Utilization  = 0.00136346 %
  Routable Net Status*
  *Does not include unroutable nets such as driverless and loadless.
  Run report_route_status for detailed report.
  Number of Failed Nets               = 0
  Number of Unrouted Nets             = 0
  Number of Partially Routed Nets     = 0
  Number of Node Overlaps             = 0

Congestion Report
North Dir 1x1 Area, Max Cong = 6.30631%, No Congested Regions.
South Dir 1x1 Area, Max Cong = 7.20721%, No Congested Regions.
East Dir 1x1 Area, Max Cong = 4.41176%, No Congested Regions.
West Dir 1x1 Area, Max Cong = 2.94118%, No Congested Regions.

------------------------------
Reporting congestion hotspots
------------------------------
Direction: North
----------------
Congested clusters found at Level 0
Effective congestion level: 0 Aspect Ratio: 1 Sparse Ratio: 0
Direction: South
----------------
Congested clusters found at Level 0
Effective congestion level: 0 Aspect Ratio: 1 Sparse Ratio: 0
Direction: East
----------------
Congested clusters found at Level 0
Effective congestion level: 0 Aspect Ratio: 1 Sparse Ratio: 0
Direction: West
----------------
Congested clusters found at Level 0
Effective congestion level: 0 Aspect Ratio: 1 Sparse Ratio: 0

Phase 7 Route finalize | Checksum: 593ddd82

Time (s): cpu = 00:00:41 ; elapsed = 00:00:37 . Memory (MB): peak = 1301.063 ; gain = 160.277

Phase 8 Verifying routed nets

 Verification completed successfully
Phase 8 Verifying routed nets | Checksum: 593ddd82

Time (s): cpu = 00:00:41 ; elapsed = 00:00:37 . Memory (MB): peak = 1301.063 ; gain = 160.277

Phase 9 Depositing Routes
Phase 9 Depositing Routes | Checksum: 18ead48e

Time (s): cpu = 00:00:41 ; elapsed = 00:00:37 . Memory (MB): peak = 1301.063 ; gain = 160.277
INFO: [Route 35-16] Router Completed Successfully

Time (s): cpu = 00:00:41 ; elapsed = 00:00:37 . Memory (MB): peak = 1301.063 ; gain = 160.277

Routing Is Done.
INFO: [Common 17-83] Releasing license: Implementation
52 Infos, 3 Warnings, 0 Critical Warnings and 0 Errors encountered.
route_design completed successfully
route_design: Time (s): cpu = 00:00:48 ; elapsed = 00:00:42 . Memory (MB): peak = 1301.063 ; gain = 160.977
WARNING: [Constraints 18-5210] No constraint will be written out.
Writing placer database...
Writing XDEF routing.
Writing XDEF routing logical nets.
Writing XDEF routing special nets.
Write XDEF Complete: Time (s): cpu = 00:00:00 ; elapsed = 00:00:00.129 . Memory (MB): peak = 1301.063 ; gain = 0.000
INFO: [Common 17-1381] The checkpoint 'C:/Users/11401165/OneDrive/Documenten/School/2018-2019/chipontwerp/encryptor_v1/encryptor_v1.runs/impl_1/AES128_routed.dcp' has been generated.
INFO: [runtcl-4] Executing : report_drc -file AES128_drc_routed.rpt -pb AES128_drc_routed.pb -rpx AES128_drc_routed.rpx
Command: report_drc -file AES128_drc_routed.rpt -pb AES128_drc_routed.pb -rpx AES128_drc_routed.rpx
INFO: [DRC 23-27] Running DRC with 2 threads
INFO: [Coretcl 2-168] The results of DRC are in file C:/Users/11401165/OneDrive/Documenten/School/2018-2019/chipontwerp/encryptor_v1/encryptor_v1.runs/impl_1/AES128_drc_routed.rpt.
report_drc completed successfully
report_drc: Time (s): cpu = 00:00:08 ; elapsed = 00:00:05 . Memory (MB): peak = 1303.855 ; gain = 2.793
INFO: [runtcl-4] Executing : report_methodology -file AES128_methodology_drc_routed.rpt -pb AES128_methodology_drc_routed.pb -rpx AES128_methodology_drc_routed.rpx
Command: report_methodology -file AES128_methodology_drc_routed.rpt -pb AES128_methodology_drc_routed.pb -rpx AES128_methodology_drc_routed.rpx
INFO: [Timing 38-35] Done setting XDC timing constraints.
INFO: [Timing 38-35] Done setting XDC timing constraints.
INFO: [DRC 23-133] Running Methodology with 2 threads
INFO: [Coretcl 2-1520] The results of Report Methodology are in file C:/Users/11401165/OneDrive/Documenten/School/2018-2019/chipontwerp/encryptor_v1/encryptor_v1.runs/impl_1/AES128_methodology_drc_routed.rpt.
report_methodology completed successfully
INFO: [runtcl-4] Executing : report_power -file AES128_power_routed.rpt -pb AES128_power_summary_routed.pb -rpx AES128_power_routed.rpx
Command: report_power -file AES128_power_routed.rpt -pb AES128_power_summary_routed.pb -rpx AES128_power_routed.rpx
WARNING: [Power 33-232] No user defined clocks were found in the design!
Resolution: Please specify clocks using create_clock/create_generated_clock for sequential elements. For pure combinatorial circuits, please specify a virtual clock, otherwise the vectorless estimation might be inaccurate
INFO: [Timing 38-35] Done setting XDC timing constraints.
Running Vector-less Activity Propagation...

Finished Running Vector-less Activity Propagation
63 Infos, 5 Warnings, 0 Critical Warnings and 0 Errors encountered.
report_power completed successfully
INFO: [runtcl-4] Executing : report_route_status -file AES128_route_status.rpt -pb AES128_route_status.pb
INFO: [runtcl-4] Executing : report_timing_summary -max_paths 10 -file AES128_timing_summary_routed.rpt -pb AES128_timing_summary_routed.pb -rpx AES128_timing_summary_routed.rpx -warn_on_violation 
INFO: [Timing 38-91] UpdateTimingParams: Speed grade: -1, Delay Type: min_max, Timing Stage: Requireds.
INFO: [Timing 38-191] Multithreading enabled for timing update using a maximum of 2 CPUs
WARNING: [Timing 38-313] There are no user specified timing constraints. Timing constraints are needed for proper timing analysis.
INFO: [runtcl-4] Executing : report_incremental_reuse -file AES128_incremental_reuse_routed.rpt
INFO: [Vivado_Tcl 4-545] No incremental reuse to report, no incremental placement and routing data was found.
INFO: [runtcl-4] Executing : report_clock_utilization -file AES128_clock_utilization_routed.rpt
INFO: [runtcl-4] Executing : report_bus_skew -warn_on_violation -file AES128_bus_skew_routed.rpt -pb AES128_bus_skew_routed.pb -rpx AES128_bus_skew_routed.rpx
INFO: [Timing 38-91] UpdateTimingParams: Speed grade: -1, Delay Type: min_max, Timing Stage: Requireds.
INFO: [Timing 38-191] Multithreading enabled for timing update using a maximum of 2 CPUs
INFO: [Common 17-206] Exiting Vivado at Thu Sep 27 20:35:19 2018...
