INFO: [VRFC 10-163] Analyzing VHDL file "C:/Users/11401165/OneDrive/Documenten/School/2018-2019/chipontwerp/encryptor_v1/encryptor_v1.srcs/sources_1/new/AES128.vhd" into library xil_defaultlib
INFO: [VRFC 10-307] analyzing entity AES128
INFO: [VRFC 10-163] Analyzing VHDL file "C:/Users/11401165/OneDrive/Documenten/School/2018-2019/chipontwerp/encryptor_v1/encryptor_v1.srcs/sources_1/imports/Downloads/PKG_AES128.vhd" into library xil_defaultlib
INFO: [VRFC 10-163] Analyzing VHDL file "C:/Users/11401165/OneDrive/Documenten/School/2018-2019/chipontwerp/encryptor_v1/encryptor_v1.srcs/sources_1/new/Exor.vhd" into library xil_defaultlib
INFO: [VRFC 10-307] analyzing entity Exor
INFO: [VRFC 10-163] Analyzing VHDL file "C:/Users/11401165/OneDrive/Documenten/School/2018-2019/chipontwerp/encryptor_v1/encryptor_v1.srcs/sources_1/imports/Downloads/Keyscheduler.vhd" into library xil_defaultlib
INFO: [VRFC 10-307] analyzing entity Keyscheduler
INFO: [VRFC 10-163] Analyzing VHDL file "C:/Users/11401165/OneDrive/Documenten/School/2018-2019/chipontwerp/encryptor_v1/encryptor_v1.srcs/sources_1/imports/Downloads/bytesub.vhd" into library xil_defaultlib
INFO: [VRFC 10-307] analyzing entity ByteSub
INFO: [VRFC 10-163] Analyzing VHDL file "C:/Users/11401165/OneDrive/Documenten/School/2018-2019/chipontwerp/encryptor_v1/encryptor_v1.srcs/sources_1/new/control_p.vhd" into library xil_defaultlib
INFO: [VRFC 10-307] analyzing entity control_p
INFO: [VRFC 10-163] Analyzing VHDL file "C:/Users/11401165/OneDrive/Documenten/School/2018-2019/chipontwerp/encryptor_v1/encryptor_v1.srcs/sources_1/new/data_path.vhd" into library xil_defaultlib
INFO: [VRFC 10-307] analyzing entity data_path
INFO: [VRFC 10-163] Analyzing VHDL file "C:/Users/11401165/OneDrive/Documenten/School/2018-2019/chipontwerp/encryptor_v1/encryptor_v1.srcs/sources_1/imports/Downloads/mixcolumn.vhd" into library xil_defaultlib
INFO: [VRFC 10-307] analyzing entity MixColumn
INFO: [VRFC 10-163] Analyzing VHDL file "C:/Users/11401165/OneDrive/Documenten/School/2018-2019/chipontwerp/encryptor_v1/encryptor_v1.srcs/sources_1/new/round.vhd" into library xil_defaultlib
INFO: [VRFC 10-307] analyzing entity round
INFO: [VRFC 10-163] Analyzing VHDL file "C:/Users/11401165/OneDrive/Documenten/School/2018-2019/chipontwerp/encryptor_v1/encryptor_v1.srcs/sources_1/imports/Downloads/shiftrow.vhd" into library xil_defaultlib
INFO: [VRFC 10-307] analyzing entity ShiftRow
INFO: [VRFC 10-163] Analyzing VHDL file "C:/Users/11401165/OneDrive/Documenten/School/2018-2019/chipontwerp/encryptor_v1/encryptor_v1.srcs/sources_1/imports/Downloads/AES128_tb.vhd" into library xil_defaultlib
INFO: [VRFC 10-307] analyzing entity AES128_tb
